# JRE version: Java(TM) SE Runtime Environment (8.0_65-b17) (build 1.8.0_65-b17)
# Java VM: Java HotSpot(TM) 64-Bit Server VM (25.65-b01 mixed mode windows-amd64 compressed oops)
Heap:
 PSYoungGen      total 32256K, used 16129K [0x00000000db600000, 0x00000000dec00000, 0x0000000100000000)
  eden space 27648K, 57% used [0x00000000db600000,0x00000000dc580508,0x00000000dd100000)
  from space 4608K, 5% used [0x00000000dd180000,0x00000000dd1c0000,0x00000000dd600000)
  to   space 13824K, 0% used [0x00000000dde80000,0x00000000dde80000,0x00000000dec00000)
 ParOldGen       total 47616K, used 25238K [0x0000000092200000, 0x0000000095080000, 0x00000000db600000)
  object space 47616K, 53% used [0x0000000092200000,0x0000000093aa58d8,0x0000000095080000)
 Metaspace       used 21367K, capacity 21620K, committed 21884K, reserved 1069056K
  class space    used 2491K, capacity 2588K, committed 2688K, reserved 1048576K
GC Heap History (10 events):
Event: 9.387 GC heap before
{Heap before GC invocations=2 (full 0):
 PSYoungGen      total 32768K, used 32765K [0x00000000db600000, 0x00000000dda80000, 0x0000000100000000)
  eden space 28160K, 100% used [0x00000000db600000,0x00000000dd180000,0x00000000dd180000)
  from space 4608K, 99% used [0x00000000dd180000,0x00000000dd5ff498,0x00000000dd600000)
  to   space 4608K, 0% used [0x00000000dd600000,0x00000000dd600000,0x00000000dda80000)
 ParOldGen       total 75264K, used 2616K [0x0000000092200000, 0x0000000096b80000, 0x00000000db600000)
  object space 75264K, 3% used [0x0000000092200000,0x000000009248e3f8,0x0000000096b80000)
 Metaspace       used 20672K, capacity 20972K, committed 21296K, reserved 1069056K
  class space    used 2480K, capacity 2588K, committed 2688K, reserved 1048576K
Event: 9.407 GC heap after
Heap after GC invocations=2 (full 0):
 PSYoungGen      total 32768K, used 4594K [0x00000000db600000, 0x00000000dda80000, 0x0000000100000000)
  eden space 28160K, 0% used [0x00000000db600000,0x00000000db600000,0x00000000dd180000)
  from space 4608K, 99% used [0x00000000dd600000,0x00000000dda7c880,0x00000000dda80000)
  to   space 4608K, 0% used [0x00000000dd180000,0x00000000dd180000,0x00000000dd600000)
 ParOldGen       total 75264K, used 9507K [0x0000000092200000, 0x0000000096b80000, 0x00000000db600000)
  object space 75264K, 12% used [0x0000000092200000,0x0000000092b48de8,0x0000000096b80000)
 Metaspace       used 20672K, capacity 20972K, committed 21296K, reserved 1069056K
  class space    used 2480K, capacity 2588K, committed 2688K, reserved 1048576K
}
Event: 10.512 GC heap before
{Heap before GC invocations=3 (full 0):
 PSYoungGen      total 32768K, used 6622K [0x00000000db600000, 0x00000000dda80000, 0x0000000100000000)
  eden space 28160K, 7% used [0x00000000db600000,0x00000000db7fb2c8,0x00000000dd180000)
  from space 4608K, 99% used [0x00000000dd600000,0x00000000dda7c880,0x00000000dda80000)
  to   space 4608K, 0% used [0x00000000dd180000,0x00000000dd180000,0x00000000dd600000)
 ParOldGen       total 75264K, used 9507K [0x0000000092200000, 0x0000000096b80000, 0x00000000db600000)
  object space 75264K, 12% used [0x0000000092200000,0x0000000092b48de8,0x0000000096b80000)
 Metaspace       used 20758K, capacity 21100K, committed 21552K, reserved 1069056K
  class space    used 2480K, capacity 2588K, committed 2688K, reserved 1048576K
Event: 10.520 GC heap after
Heap after GC invocations=3 (full 0):
 PSYoungGen      total 32768K, used 4580K [0x00000000db600000, 0x00000000dda80000, 0x0000000100000000)
  eden space 28160K, 0% used [0x00000000db600000,0x00000000db600000,0x00000000dd180000)
  from space 4608K, 99% used [0x00000000dd180000,0x00000000dd5f9300,0x00000000dd600000)
  to   space 4608K, 0% used [0x00000000dd600000,0x00000000dd600000,0x00000000dda80000)
 ParOldGen       total 75264K, used 9539K [0x0000000092200000, 0x0000000096b80000, 0x00000000db600000)
  object space 75264K, 12% used [0x0000000092200000,0x0000000092b50de8,0x0000000096b80000)
 Metaspace       used 20758K, capacity 21100K, committed 21552K, reserved 1069056K
  class space    used 2480K, capacity 2588K, committed 2688K, reserved 1048576K
}
Event: 20.288 GC heap before
{Heap before GC invocations=4 (full 0):
 PSYoungGen      total 32768K, used 17918K [0x00000000db600000, 0x00000000dda80000, 0x0000000100000000)
  eden space 28160K, 47% used [0x00000000db600000,0x00000000dc3067a8,0x00000000dd180000)
  from space 4608K, 99% used [0x00000000dd180000,0x00000000dd5f9300,0x00000000dd600000)
  to   space 4608K, 0% used [0x00000000dd600000,0x00000000dd600000,0x00000000dda80000)
 ParOldGen       total 75264K, used 9539K [0x0000000092200000, 0x0000000096b80000, 0x00000000db600000)
  object space 75264K, 12% used [0x0000000092200000,0x0000000092b50de8,0x0000000096b80000)
 Metaspace       used 21094K, capacity 21364K, committed 21628K, reserved 1069056K
  class space    used 2480K, capacity 2588K, committed 2688K, reserved 1048576K
Event: 20.296 GC heap after
Heap after GC invocations=4 (full 0):
 PSYoungGen      total 32768K, used 4580K [0x00000000db600000, 0x00000000dda80000, 0x0000000100000000)
  eden space 28160K, 0% used [0x00000000db600000,0x00000000db600000,0x00000000dd180000)
  from space 4608K, 99% used [0x00000000dd600000,0x00000000dda79300,0x00000000dda80000)
  to   space 4608K, 0% used [0x00000000dd180000,0x00000000dd180000,0x00000000dd600000)
 ParOldGen       total 75264K, used 9651K [0x0000000092200000, 0x0000000096b80000, 0x00000000db600000)
  object space 75264K, 12% used [0x0000000092200000,0x0000000092b6cde8,0x0000000096b80000)
 Metaspace       used 21094K, capacity 21364K, committed 21628K, reserved 1069056K
  class space    used 2480K, capacity 2588K, committed 2688K, reserved 1048576K
}
Event: 20.296 GC heap before
{Heap before GC invocations=5 (full 1):
 PSYoungGen      total 32768K, used 4580K [0x00000000db600000, 0x00000000dda80000, 0x0000000100000000)
  eden space 28160K, 0% used [0x00000000db600000,0x00000000db600000,0x00000000dd180000)
  from space 4608K, 99% used [0x00000000dd600000,0x00000000dda79300,0x00000000dda80000)
  to   space 4608K, 0% used [0x00000000dd180000,0x00000000dd180000,0x00000000dd600000)
 ParOldGen       total 75264K, used 9651K [0x0000000092200000, 0x0000000096b80000, 0x00000000db600000)
  object space 75264K, 12% used [0x0000000092200000,0x0000000092b6cde8,0x0000000096b80000)
 Metaspace       used 21094K, capacity 21364K, committed 21628K, reserved 1069056K
  class space    used 2480K, capacity 2588K, committed 2688K, reserved 1048576K
Event: 20.355 GC heap after
Heap after GC invocations=5 (full 1):
 PSYoungGen      total 32768K, used 0K [0x00000000db600000, 0x00000000dda80000, 0x0000000100000000)
  eden space 28160K, 0% used [0x00000000db600000,0x00000000db600000,0x00000000dd180000)
  from space 4608K, 0% used [0x00000000dd600000,0x00000000dd600000,0x00000000dda80000)
  to   space 4608K, 0% used [0x00000000dd180000,0x00000000dd180000,0x00000000dd600000)
 ParOldGen       total 47616K, used 11245K [0x0000000092200000, 0x0000000095080000, 0x00000000db600000)
  object space 47616K, 23% used [0x0000000092200000,0x0000000092cfb678,0x0000000095080000)
 Metaspace       used 21094K, capacity 21364K, committed 21628K, reserved 1069056K
  class space    used 2480K, capacity 2588K, committed 2688K, reserved 1048576K
}
Event: 26.098 GC heap before
{Heap before GC invocations=6 (full 1):
 PSYoungGen      total 32768K, used 28160K [0x00000000db600000, 0x00000000dda80000, 0x0000000100000000)
  eden space 28160K, 100% used [0x00000000db600000,0x00000000dd180000,0x00000000dd180000)
  from space 4608K, 0% used [0x00000000dd600000,0x00000000dd600000,0x00000000dda80000)
  to   space 4608K, 0% used [0x00000000dd180000,0x00000000dd180000,0x00000000dd600000)
 ParOldGen       total 47616K, used 11245K [0x0000000092200000, 0x0000000095080000, 0x00000000db600000)
  object space 47616K, 23% used [0x0000000092200000,0x0000000092cfb678,0x0000000095080000)
 Metaspace       used 21280K, capacity 21556K, committed 21884K, reserved 1069056K
  class space    used 2486K, capacity 2588K, committed 2688K, reserved 1048576K
Event: 26.105 GC heap after
Heap after GC invocations=6 (full 1):
 PSYoungGen      total 32256K, used 256K [0x00000000db600000, 0x00000000dec00000, 0x0000000100000000)
  eden space 27648K, 0% used [0x00000000db600000,0x00000000db600000,0x00000000dd100000)
  from space 4608K, 5% used [0x00000000dd180000,0x00000000dd1c0000,0x00000000dd600000)
  to   space 13824K, 0% used [0x00000000dde80000,0x00000000dde80000,0x00000000dec00000)
 ParOldGen       total 47616K, used 25238K [0x0000000092200000, 0x0000000095080000, 0x00000000db600000)
  object space 47616K, 53% used [0x0000000092200000,0x0000000093aa58d8,0x0000000095080000)
 Metaspace       used 21280K, capacity 21556K, committed 21884K, reserved 1069056K
  class space    used 2486K, capacity 2588K, committed 2688K, reserved 1048576K
}

